<?xml version="1.0" encoding="UTF-8"?>
<!-- Generated by org.testng.reporters.JUnitXMLReporter -->
<testsuite ignored="6" hostname="LAPTOP-N926GS71" failures="0" tests="1" name="Default test" time="3.464" errors="0" timestamp="2022-07-19T13:36:26 IST">
  <testcase classname="com.brodgelabz.selectclass.ListBoxExample" name="Print_NumberOfOccurranceOfElements_InListBox" time="0.336"/>
  <testcase classname="com.brodgelabz.selectclass.ListBoxExample" name="check_UniqueElementinthelistbox" time="0.0">
    <ignored/>
  </testcase> <!-- check_UniqueElementinthelistbox -->
  <testcase classname="com.brodgelabz.selectclass.ListBoxExample" name="check_ListhasDuplicateElements_HashSet" time="0.0">
    <ignored/>
  </testcase> <!-- check_ListhasDuplicateElements_HashSet -->
  <testcase classname="com.brodgelabz.selectclass.ListBoxExample" name="listBox_DemoTest" time="0.0">
    <ignored/>
  </testcase> <!-- listBox_DemoTest -->
  <testcase classname="com.brodgelabz.selectclass.ListBoxExample" name="print_UniqueElementinthelist_SortedOrder" time="0.0">
    <ignored/>
  </testcase> <!-- print_UniqueElementinthelist_SortedOrder -->
  <testcase classname="com.brodgelabz.selectclass.ListBoxExample" name="Print_DuplicateElementsOfList_HashSet" time="0.0">
    <ignored/>
  </testcase> <!-- Print_DuplicateElementsOfList_HashSet -->
  <testcase classname="com.brodgelabz.selectclass.ListBoxExample" name="PrintListValues_SortedOrder" time="0.0">
    <ignored/>
  </testcase> <!-- PrintListValues_SortedOrder -->
</testsuite> <!-- Default test -->
