<?xml version="1.0" encoding="UTF-8"?>
<!-- Generated by org.testng.reporters.JUnitXMLReporter -->
<testsuite ignored="0" hostname="LAPTOP-N926GS71" failures="0" tests="4" name="Default test" time="2.568" errors="0" timestamp="2022-07-11T11:35:57 IST">
  <testcase classname="com.bridgelabz.webtable.WebTable" name="WebTable_ColumnCount" time="0.254"/>
  <testcase classname="com.bridgelabz.webtable.WebTable" name="WebTable_PrintNumericValue" time="0.196"/>
  <testcase classname="com.bridgelabz.webtable.WebTable" name="WebTable_RowsCount" time="0.041"/>
  <testcase classname="com.bridgelabz.webtable.WebTable" name="WebTable_TotalNumber_Of_Cells" time="0.055"/>
</testsuite> <!-- Default test -->
