<?xml version="1.0" encoding="UTF-8"?>
<!-- Generated by org.testng.reporters.JUnitXMLReporter -->
<testsuite ignored="1" hostname="LAPTOP-N926GS71" failures="0" tests="2" name="Software Company" time="0.122" errors="0" timestamp="2022-07-13T12:58:47 IST">
  <testcase classname="com.bridgelabz.annotations.Groups_Ex" name="infosys" time="0.017"/>
  <testcase classname="com.bridgelabz.annotations.Groups_Ex" name="wipro" time="0.002"/>
  <testcase classname="com.bridgelabz.annotations.Groups_Ex" name="technip" time="0.0">
    <ignored/>
  </testcase> <!-- technip -->
</testsuite> <!-- Software Company -->
