<?xml version="1.0" encoding="UTF-8"?>
<testng-results ignored="0" total="1" passed="1" failed="0" skipped="0">
  <reporter-output>
  </reporter-output>
  <suite started-at="2022-07-08T10:17:49 IST" name="Default suite" finished-at="2022-07-08T10:18:05 IST" duration-ms="16076">
    <groups>
    </groups>
    <test started-at="2022-07-08T10:17:49 IST" name="Default test" finished-at="2022-07-08T10:18:05 IST" duration-ms="16076">
      <class name="com.bridgelabz.selenium.Screenshot">
        <test-method signature="launchBrowser()[pri:0, instance:com.bridgelabz.selenium.Screenshot@31d7b7bf]" started-at="2022-07-08T10:17:49 IST" name="launchBrowser" finished-at="2022-07-08T10:18:05 IST" duration-ms="16024" status="PASS">
          <reporter-output>
          </reporter-output>
        </test-method> <!-- launchBrowser -->
      </class> <!-- com.bridgelabz.selenium.Screenshot -->
    </test> <!-- Default test -->
  </suite> <!-- Default suite -->
</testng-results>
